Processing: example4.jpg
Saved processed image to: ./results/images/preprocessed/example4_config0.tiff
Time nedded: 0.0102
Logged processing details for Config 0: Binarization.basic, SkewCorrection.boxes, NoiseRemoval.mean_filter
--------------------------------------------------
Saved processed image to: ./results/images/preprocessed/example4_config1.tiff
Time nedded: 0.00123
Logged processing details for Config 1: Binarization.basic, SkewCorrection.boxes, NoiseRemoval.gaussian_filter
--------------------------------------------------
Saved processed image to: ./results/images/preprocessed/example4_config2.tiff
Time nedded: 0.004
Logged processing details for Config 2: Binarization.basic, SkewCorrection.boxes, NoiseRemoval.median_filter
--------------------------------------------------
Saved processed image to: ./results/images/preprocessed/example4_config3.tiff
Time nedded: 58.4621
Logged processing details for Config 3: Binarization.basic, SkewCorrection.boxes, NoiseRemoval.conservative_filter
--------------------------------------------------
Saved processed image to: ./results/images/preprocessed/example4_config4.tiff
Time nedded: 0.00903
Logged processing details for Config 4: Binarization.basic, SkewCorrection.boxes, NoiseRemoval.laplacian_filter
--------------------------------------------------
Saved processed image to: ./results/images/preprocessed/example4_config5.tiff
Time nedded: 0.30551
Logged processing details for Config 5: Binarization.basic, SkewCorrection.boxes, NoiseRemoval.frequency_filter
--------------------------------------------------
