Testing model: Llama37B
2400
Prompting extracted text from results/images/preprocessed/example4_config206.tiff using module TesseractOCR:
Time nedded: 3.71034
Prompting extracted text from results/images/preprocessed/example4_config206.tiff using module KerasOCR:
Time nedded: 4.3401
Prompting extracted text from results/images/preprocessed/example4_config206.tiff using module EasyOCR:
Time nedded: 4.06186
Prompting extracted text from results/images/preprocessed/example4_config206.tiff using module PaddleOCR:
Time nedded: 4.12189
Prompting extracted text from results/images/preprocessed/example4_config206.tiff using module docTR:
Time nedded: 4.43896
Prompting extracted text from results/images/preprocessed/example3_config192.tiff using module TesseractOCR:
Time nedded: 3.19431
Prompting extracted text from results/images/preprocessed/example3_config192.tiff using module KerasOCR:
Time nedded: 3.98154
Prompting extracted text from results/images/preprocessed/example3_config192.tiff using module EasyOCR:
Time nedded: 3.13068
Prompting extracted text from results/images/preprocessed/example3_config192.tiff using module PaddleOCR:
Time nedded: 3.16921
Prompting extracted text from results/images/preprocessed/example3_config192.tiff using module docTR:
Time nedded: 3.10045
Prompting extracted text from results/images/preprocessed/example3_config62.tiff using module TesseractOCR:
Time nedded: 1.50901
Prompting extracted text from results/images/preprocessed/example3_config62.tiff using module KerasOCR:
Time nedded: 3.67356
Prompting extracted text from results/images/preprocessed/example3_config62.tiff using module EasyOCR:
Time nedded: 3.85808
Prompting extracted text from results/images/preprocessed/example3_config62.tiff using module PaddleOCR:
Time nedded: 6.89069
Prompting extracted text from results/images/preprocessed/example3_config62.tiff using module docTR:
Time nedded: 6.99089
Prompting extracted text from results/images/preprocessed/example4_config61.tiff using module TesseractOCR:
Time nedded: 3.21171
Prompting extracted text from results/images/preprocessed/example4_config61.tiff using module KerasOCR:
Time nedded: 2.92128
Prompting extracted text from results/images/preprocessed/example4_config61.tiff using module EasyOCR:
Time nedded: 3.16863
Prompting extracted text from results/images/preprocessed/example4_config61.tiff using module PaddleOCR:
Time nedded: 3.54695
Prompting extracted text from results/images/preprocessed/example4_config61.tiff using module docTR:
Time nedded: 3.32717
Prompting extracted text from results/images/preprocessed/example4_config174.tiff using module TesseractOCR:
Time nedded: 3.95659
Prompting extracted text from results/images/preprocessed/example4_config174.tiff using module KerasOCR:
Time nedded: 3.406
Prompting extracted text from results/images/preprocessed/example4_config174.tiff using module EasyOCR:
Time nedded: 3.00189
Prompting extracted text from results/images/preprocessed/example4_config174.tiff using module PaddleOCR:
Time nedded: 3.17433
Prompting extracted text from results/images/preprocessed/example4_config174.tiff using module docTR:
Time nedded: 3.56955
Prompting extracted text from results/images/preprocessed/example4_config231.tiff using module TesseractOCR:
Time nedded: 3.20117
Prompting extracted text from results/images/preprocessed/example4_config231.tiff using module KerasOCR:
Time nedded: 1.20811
Prompting extracted text from results/images/preprocessed/example4_config231.tiff using module EasyOCR:
Time nedded: 0.98467
Prompting extracted text from results/images/preprocessed/example4_config231.tiff using module PaddleOCR:
Time nedded: 2.1531
Prompting extracted text from results/images/preprocessed/example4_config231.tiff using module docTR:
Time nedded: 1.84832
Prompting extracted text from results/images/preprocessed/example4_config203.tiff using module TesseractOCR:
Time nedded: 1.35288
Prompting extracted text from results/images/preprocessed/example4_config203.tiff using module KerasOCR:
Time nedded: 5.20637
Prompting extracted text from results/images/preprocessed/example4_config203.tiff using module EasyOCR:
Time nedded: 5.64582
Prompting extracted text from results/images/preprocessed/example4_config203.tiff using module PaddleOCR:
Time nedded: 7.86865
Prompting extracted text from results/images/preprocessed/example4_config203.tiff using module docTR:
Time nedded: 6.96046
Prompting extracted text from results/images/preprocessed/example4_config215.tiff using module TesseractOCR:
Time nedded: 4.01113
Prompting extracted text from results/images/preprocessed/example4_config215.tiff using module KerasOCR:
Time nedded: 2.6039
Prompting extracted text from results/images/preprocessed/example4_config215.tiff using module EasyOCR:
Time nedded: 3.21099
Prompting extracted text from results/images/preprocessed/example4_config215.tiff using module PaddleOCR:
Time nedded: 4.29449
Prompting extracted text from results/images/preprocessed/example4_config215.tiff using module docTR:
Time nedded: 3.86384
Prompting extracted text from results/images/preprocessed/example4_config133.tiff using module TesseractOCR:
Time nedded: 3.73991
Prompting extracted text from results/images/preprocessed/example4_config133.tiff using module KerasOCR:
Time nedded: 3.16636
Prompting extracted text from results/images/preprocessed/example4_config133.tiff using module EasyOCR:
Time nedded: 3.44318
Prompting extracted text from results/images/preprocessed/example4_config133.tiff using module PaddleOCR:
Time nedded: 1.80825
Prompting extracted text from results/images/preprocessed/example4_config133.tiff using module docTR:
Time nedded: 1.00271
Prompting extracted text from results/images/preprocessed/example4_config2.tiff using module TesseractOCR:
Time nedded: 8.84524
Prompting extracted text from results/images/preprocessed/example4_config2.tiff using module KerasOCR:
Time nedded: 7.01719
Prompting extracted text from results/images/preprocessed/example4_config2.tiff using module EasyOCR:
Time nedded: 7.51459
Prompting extracted text from results/images/preprocessed/example4_config2.tiff using module PaddleOCR:
Time nedded: 8.76088
Prompting extracted text from results/images/preprocessed/example4_config2.tiff using module docTR:
Time nedded: 8.31276
Prompting extracted text from results/images/preprocessed/example3_config83.tiff using module TesseractOCR:
Time nedded: 7.05859
Prompting extracted text from results/images/preprocessed/example3_config83.tiff using module KerasOCR:
Time nedded: 7.60651
Prompting extracted text from results/images/preprocessed/example3_config83.tiff using module EasyOCR:
Time nedded: 7.76884
Prompting extracted text from results/images/preprocessed/example3_config83.tiff using module PaddleOCR:
